2025-12-29 15:09:29,827 [Test worker] INFO  com.dragons.dragons_api.DragonsApiApplicationTests[logStarting:54] - Starting DragonsApiApplicationTests using Java 21.0.2 with PID 96296 (started by yonghun in /Users/yonghun/company/persnal/dragons/apps/dragons_api)
2025-12-29 15:09:29,828 [Test worker] INFO  com.dragons.dragons_api.DragonsApiApplicationTests[logStartupProfileInfo:661] - No active profile set, falling back to 1 default profile: "default"
2025-12-29 15:09:30,191 [Test worker] WARN  org.springframework.web.context.support.GenericWebApplicationContext[refresh:628] - Exception encountered during context initialization - cancelling refresh attempt: org.springframework.beans.factory.BeanCreationException: Error creating bean with name 'entityManagerFactory' defined in class path resource [org/springframework/boot/hibernate/autoconfigure/HibernateJpaConfiguration.class]: Failed to initialize dependency 'dataSourceScriptDatabaseInitializer' of LoadTimeWeaverAware bean 'entityManagerFactory': Error creating bean with name 'dataSourceScriptDatabaseInitializer' defined in class path resource [org/springframework/boot/jdbc/autoconfigure/DataSourceInitializationAutoConfiguration.class]: Unsatisfied dependency expressed through method 'dataSourceScriptDatabaseInitializer' parameter 0: Error creating bean with name 'dataSource' defined in class path resource [org/springframework/boot/jdbc/autoconfigure/DataSourceConfiguration$Hikari.class]: Failed to instantiate [com.zaxxer.hikari.HikariDataSource]: Factory method 'dataSource' threw exception with message: Failed to determine a suitable driver class
2025-12-29 15:09:30,208 [Test worker] ERROR org.springframework.boot.diagnostics.LoggingFailureAnalysisReporter[report:40] - 

***************************
APPLICATION FAILED TO START
***************************

Description:

Failed to configure a DataSource: 'url' attribute is not specified and no embedded datasource could be configured.

Reason: Failed to determine a suitable driver class


Action:

Consider the following:
	If you want an embedded database (H2, HSQL or Derby), please put it on the classpath.
	If you have database settings to be loaded from a particular profile you may need to activate it (no profiles are currently active).

2025-12-29 15:10:35,124 [Test worker] INFO  com.dragons.dragons_api.DragonsApiApplicationTests[logStarting:54] - Starting DragonsApiApplicationTests using Java 21.0.2 with PID 96608 (started by yonghun in /Users/yonghun/company/persnal/dragons/apps/dragons_api)
2025-12-29 15:10:35,125 [Test worker] INFO  com.dragons.dragons_api.DragonsApiApplicationTests[logStartupProfileInfo:661] - No active profile set, falling back to 1 default profile: "default"
2025-12-29 15:10:35,510 [Test worker] WARN  org.springframework.web.context.support.GenericWebApplicationContext[refresh:628] - Exception encountered during context initialization - cancelling refresh attempt: org.springframework.beans.factory.BeanCreationException: Error creating bean with name 'entityManagerFactory' defined in class path resource [org/springframework/boot/hibernate/autoconfigure/HibernateJpaConfiguration.class]: Failed to initialize dependency 'dataSourceScriptDatabaseInitializer' of LoadTimeWeaverAware bean 'entityManagerFactory': Error creating bean with name 'dataSourceScriptDatabaseInitializer' defined in class path resource [org/springframework/boot/jdbc/autoconfigure/DataSourceInitializationAutoConfiguration.class]: Unsatisfied dependency expressed through method 'dataSourceScriptDatabaseInitializer' parameter 0: Error creating bean with name 'dataSource' defined in class path resource [org/springframework/boot/jdbc/autoconfigure/DataSourceConfiguration$Hikari.class]: Failed to instantiate [com.zaxxer.hikari.HikariDataSource]: Factory method 'dataSource' threw exception with message: Failed to determine a suitable driver class
2025-12-29 15:10:35,529 [Test worker] ERROR org.springframework.boot.diagnostics.LoggingFailureAnalysisReporter[report:40] - 

***************************
APPLICATION FAILED TO START
***************************

Description:

Failed to configure a DataSource: 'url' attribute is not specified and no embedded datasource could be configured.

Reason: Failed to determine a suitable driver class


Action:

Consider the following:
	If you want an embedded database (H2, HSQL or Derby), please put it on the classpath.
	If you have database settings to be loaded from a particular profile you may need to activate it (no profiles are currently active).

2025-12-29 15:13:45,572 [Test worker] INFO  com.dragons.dragons_api.DragonsApiApplicationTests[logStarting:54] - Starting DragonsApiApplicationTests using Java 21.0.2 with PID 97057 (started by yonghun in /Users/yonghun/company/persnal/dragons/apps/dragons_api)
2025-12-29 15:13:45,573 [Test worker] INFO  com.dragons.dragons_api.DragonsApiApplicationTests[logStartupProfileInfo:661] - No active profile set, falling back to 1 default profile: "default"
2025-12-29 15:13:45,941 [Test worker] WARN  org.springframework.web.context.support.GenericWebApplicationContext[refresh:628] - Exception encountered during context initialization - cancelling refresh attempt: org.springframework.beans.factory.BeanCreationException: Error creating bean with name 'entityManagerFactory' defined in class path resource [org/springframework/boot/hibernate/autoconfigure/HibernateJpaConfiguration.class]: Failed to initialize dependency 'dataSourceScriptDatabaseInitializer' of LoadTimeWeaverAware bean 'entityManagerFactory': Error creating bean with name 'dataSourceScriptDatabaseInitializer' defined in class path resource [org/springframework/boot/jdbc/autoconfigure/DataSourceInitializationAutoConfiguration.class]: Unsatisfied dependency expressed through method 'dataSourceScriptDatabaseInitializer' parameter 0: Error creating bean with name 'dataSource' defined in class path resource [org/springframework/boot/jdbc/autoconfigure/DataSourceConfiguration$Hikari.class]: Failed to instantiate [com.zaxxer.hikari.HikariDataSource]: Factory method 'dataSource' threw exception with message: Failed to determine a suitable driver class
2025-12-29 15:13:45,958 [Test worker] ERROR org.springframework.boot.diagnostics.LoggingFailureAnalysisReporter[report:40] - 

***************************
APPLICATION FAILED TO START
***************************

Description:

Failed to configure a DataSource: 'url' attribute is not specified and no embedded datasource could be configured.

Reason: Failed to determine a suitable driver class


Action:

Consider the following:
	If you want an embedded database (H2, HSQL or Derby), please put it on the classpath.
	If you have database settings to be loaded from a particular profile you may need to activate it (no profiles are currently active).

2025-12-29 15:16:30,165 [Test worker] INFO  com.dragons.dragons_api.DragonsApiApplicationTests[logStarting:54] - Starting DragonsApiApplicationTests using Java 21.0.2 with PID 97610 (started by yonghun in /Users/yonghun/company/persnal/dragons/apps/dragons_api)
2025-12-29 15:16:30,166 [Test worker] INFO  com.dragons.dragons_api.DragonsApiApplicationTests[logStartupProfileInfo:661] - No active profile set, falling back to 1 default profile: "default"
2025-12-29 15:16:30,535 [Test worker] WARN  org.springframework.web.context.support.GenericWebApplicationContext[refresh:628] - Exception encountered during context initialization - cancelling refresh attempt: org.springframework.beans.factory.BeanCreationException: Error creating bean with name 'entityManagerFactory' defined in class path resource [org/springframework/boot/hibernate/autoconfigure/HibernateJpaConfiguration.class]: Failed to initialize dependency 'dataSourceScriptDatabaseInitializer' of LoadTimeWeaverAware bean 'entityManagerFactory': Error creating bean with name 'dataSourceScriptDatabaseInitializer' defined in class path resource [org/springframework/boot/jdbc/autoconfigure/DataSourceInitializationAutoConfiguration.class]: Unsatisfied dependency expressed through method 'dataSourceScriptDatabaseInitializer' parameter 0: Error creating bean with name 'dataSource' defined in class path resource [org/springframework/boot/jdbc/autoconfigure/DataSourceConfiguration$Hikari.class]: Failed to instantiate [com.zaxxer.hikari.HikariDataSource]: Factory method 'dataSource' threw exception with message: Failed to determine a suitable driver class
2025-12-29 15:16:30,552 [Test worker] ERROR org.springframework.boot.diagnostics.LoggingFailureAnalysisReporter[report:40] - 

***************************
APPLICATION FAILED TO START
***************************

Description:

Failed to configure a DataSource: 'url' attribute is not specified and no embedded datasource could be configured.

Reason: Failed to determine a suitable driver class


Action:

Consider the following:
	If you want an embedded database (H2, HSQL or Derby), please put it on the classpath.
	If you have database settings to be loaded from a particular profile you may need to activate it (no profiles are currently active).

2025-12-29 15:16:53,655 [Test worker] INFO  com.dragons.dragons_api.DragonsApiApplicationTests[logStarting:54] - Starting DragonsApiApplicationTests using Java 21.0.2 with PID 97692 (started by yonghun in /Users/yonghun/company/persnal/dragons/apps/dragons_api)
2025-12-29 15:16:53,656 [Test worker] INFO  com.dragons.dragons_api.DragonsApiApplicationTests[logStartupProfileInfo:661] - No active profile set, falling back to 1 default profile: "default"
2025-12-29 15:16:54,060 [Test worker] WARN  org.springframework.web.context.support.GenericWebApplicationContext[refresh:628] - Exception encountered during context initialization - cancelling refresh attempt: org.springframework.beans.factory.BeanCreationException: Error creating bean with name 'entityManagerFactory' defined in class path resource [org/springframework/boot/hibernate/autoconfigure/HibernateJpaConfiguration.class]: Failed to initialize dependency 'dataSourceScriptDatabaseInitializer' of LoadTimeWeaverAware bean 'entityManagerFactory': Error creating bean with name 'dataSourceScriptDatabaseInitializer' defined in class path resource [org/springframework/boot/jdbc/autoconfigure/DataSourceInitializationAutoConfiguration.class]: Unsatisfied dependency expressed through method 'dataSourceScriptDatabaseInitializer' parameter 0: Error creating bean with name 'dataSource' defined in class path resource [org/springframework/boot/jdbc/autoconfigure/DataSourceConfiguration$Hikari.class]: Failed to instantiate [com.zaxxer.hikari.HikariDataSource]: Factory method 'dataSource' threw exception with message: Failed to determine a suitable driver class
2025-12-29 15:16:54,078 [Test worker] ERROR org.springframework.boot.diagnostics.LoggingFailureAnalysisReporter[report:40] - 

***************************
APPLICATION FAILED TO START
***************************

Description:

Failed to configure a DataSource: 'url' attribute is not specified and no embedded datasource could be configured.

Reason: Failed to determine a suitable driver class


Action:

Consider the following:
	If you want an embedded database (H2, HSQL or Derby), please put it on the classpath.
	If you have database settings to be loaded from a particular profile you may need to activate it (no profiles are currently active).

2025-12-29 15:21:13,367 [Test worker] INFO  com.dragons.dragons_api.DragonsApiApplicationTests[logStarting:54] - Starting DragonsApiApplicationTests using Java 21.0.2 with PID 98271 (started by yonghun in /Users/yonghun/company/persnal/dragons/apps/dragons_api)
2025-12-29 15:21:13,369 [Test worker] INFO  com.dragons.dragons_api.DragonsApiApplicationTests[logStartupProfileInfo:661] - No active profile set, falling back to 1 default profile: "default"
2025-12-29 15:21:13,807 [Test worker] WARN  io.netty.resolver.dns.DnsServerAddressStreamProviders[<clinit>:70] - Can not find io.netty.resolver.dns.macos.MacOSDnsServerAddressStreamProvider in the classpath, fallback to system defaults. This may result in incorrect DNS resolutions on MacOS. Check whether you have a dependency on 'io.netty:netty-resolver-dns-native-macos'
2025-12-29 15:21:13,937 [Test worker] INFO  com.dragons.dragons_api.DragonsApiApplicationTests[logStarted:60] - Started DragonsApiApplicationTests in 0.893 seconds (process running for 1.404)
